[0.018s] Invoking command in '/home/mostafa/ros2/sensor_ws/build/read_cpp': /usr/bin/cmake --build /home/mostafa/ros2/sensor_ws/build/read_cpp -- -j12 -l12
[0.045s] -- Found ament_cmake: 1.3.9 (/opt/ros/humble/share/ament_cmake/cmake)
[0.191s] -- Found rclcpp: 16.0.9 (/opt/ros/humble/share/rclcpp/cmake)
[0.254s] -- Found rosidl_generator_c: 3.1.5 (/opt/ros/humble/share/rosidl_generator_c/cmake)
[0.261s] -- Found rosidl_adapter: 3.1.5 (/opt/ros/humble/share/rosidl_adapter/cmake)
[0.274s] -- Found rosidl_generator_cpp: 3.1.5 (/opt/ros/humble/share/rosidl_generator_cpp/cmake)
[0.293s] -- Using all available rosidl_typesupport_c: rosidl_typesupport_fastrtps_c;rosidl_typesupport_introspection_c
[0.319s] -- Using all available rosidl_typesupport_cpp: rosidl_typesupport_fastrtps_cpp;rosidl_typesupport_introspection_cpp
[0.408s] -- Found rmw_implementation_cmake: 6.1.2 (/opt/ros/humble/share/rmw_implementation_cmake/cmake)
[0.412s] -- Found rmw_fastrtps_cpp: 6.2.6 (/opt/ros/humble/share/rmw_fastrtps_cpp/cmake)
[0.531s] -- Found OpenSSL: /usr/lib/x86_64-linux-gnu/libcrypto.so (found version "3.0.2")  
[0.565s] -- Found FastRTPS: /opt/ros/humble/include  
[0.619s] -- Using RMW implementation 'rmw_fastrtps_cpp' as default
[0.634s] -- Looking for pthread.h
[0.707s] -- Looking for pthread.h - found
[0.707s] -- Performing Test CMAKE_HAVE_LIBC_PTHREAD
[0.783s] -- Performing Test CMAKE_HAVE_LIBC_PTHREAD - Success
[0.784s] -- Found Threads: TRUE  
[0.980s] [31mCMake Error at CMakeLists.txt:12 (find_package):
[0.980s]   By not providing "Findserial.cmake" in CMAKE_MODULE_PATH this project has
[0.980s]   asked CMake to find a package configuration file provided by "serial", but
[0.980s]   CMake did not find one.
[0.980s] 
[0.980s]   Could not find a package configuration file provided by "serial" with any
[0.980s]   of the following names:
[0.980s] 
[0.980s]     serialConfig.cmake
[0.980s]     serial-config.cmake
[0.980s] 
[0.981s]   Add the installation prefix of "serial" to CMAKE_PREFIX_PATH or set
[0.981s]   "serial_DIR" to a directory containing one of the above files.  If "serial"
[0.981s]   provides a separate development package or SDK, be sure it has been
[0.981s]   installed.
[0.981s] 
[0.981s] [0m
[0.981s] -- Configuring incomplete, errors occurred!
[0.981s] See also "/home/mostafa/ros2/sensor_ws/build/read_cpp/CMakeFiles/CMakeOutput.log".
[0.989s] gmake: *** [Makefile:226: cmake_check_build_system] Error 1
[0.991s] Invoked command in '/home/mostafa/ros2/sensor_ws/build/read_cpp' returned '2': /usr/bin/cmake --build /home/mostafa/ros2/sensor_ws/build/read_cpp -- -j12 -l12
