[0.129s] DEBUG:colcon:Command line arguments: ['/usr/bin/colcon', 'build']
[0.129s] DEBUG:colcon:Parsed command line arguments: Namespace(log_base=None, log_level=None, verb_name='build', build_base='build', install_base='install', merge_install=False, symlink_install=False, test_result_base=None, continue_on_error=False, executor='parallel', parallel_workers=12, event_handlers=None, ignore_user_meta=False, metas=['./colcon.meta'], base_paths=['.'], packages_ignore=None, packages_ignore_regex=None, paths=None, packages_up_to=None, packages_up_to_regex=None, packages_above=None, packages_above_and_dependencies=None, packages_above_depth=None, packages_select_by_dep=None, packages_skip_by_dep=None, packages_skip_up_to=None, packages_select_build_failed=False, packages_skip_build_finished=False, packages_select_test_failures=False, packages_skip_test_passed=False, packages_select=None, packages_skip=None, packages_select_regex=None, packages_skip_regex=None, packages_start=None, packages_end=None, allow_overriding=[], cmake_args=None, cmake_target=None, cmake_target_skip_unavailable=False, cmake_clean_cache=False, cmake_clean_first=False, cmake_force_configure=False, ament_cmake_args=None, catkin_cmake_args=None, catkin_skip_building_tests=False, mixin_files=None, mixin=None, verb_parser=<colcon_mixin.mixin.mixin_argument.MixinArgumentDecorator object at 0x76710e393370>, verb_extension=<colcon_core.verb.build.BuildVerb object at 0x76710e264a60>, main=<bound method BuildVerb.main of <colcon_core.verb.build.BuildVerb object at 0x76710e264a60>>, mixin_verb=('build',))
[0.168s] Level 1:colcon.colcon_core.package_discovery:discover_packages(colcon_meta) check parameters
[0.168s] Level 1:colcon.colcon_core.package_discovery:discover_packages(recursive) check parameters
[0.168s] Level 1:colcon.colcon_core.package_discovery:discover_packages(ignore) check parameters
[0.168s] Level 1:colcon.colcon_core.package_discovery:discover_packages(path) check parameters
[0.168s] Level 1:colcon.colcon_core.package_discovery:discover_packages(colcon_meta) discover
[0.168s] Level 1:colcon.colcon_core.package_discovery:discover_packages(recursive) discover
[0.168s] INFO:colcon.colcon_core.package_discovery:Crawling recursively for packages in '/home/mostafa/ros2/sensor_ws'
[0.169s] Level 1:colcon.colcon_core.package_identification:_identify(.) by extensions ['ignore', 'ignore_ament_install']
[0.169s] Level 1:colcon.colcon_core.package_identification:_identify(.) by extension 'ignore'
[0.169s] Level 1:colcon.colcon_core.package_identification:_identify(.) by extension 'ignore_ament_install'
[0.169s] Level 1:colcon.colcon_core.package_identification:_identify(.) by extensions ['colcon_pkg']
[0.169s] Level 1:colcon.colcon_core.package_identification:_identify(.) by extension 'colcon_pkg'
[0.169s] Level 1:colcon.colcon_core.package_identification:_identify(.) by extensions ['colcon_meta']
[0.169s] Level 1:colcon.colcon_core.package_identification:_identify(.) by extension 'colcon_meta'
[0.169s] Level 1:colcon.colcon_core.package_identification:_identify(.) by extensions ['ros']
[0.169s] Level 1:colcon.colcon_core.package_identification:_identify(.) by extension 'ros'
[0.186s] Level 1:colcon.colcon_core.package_identification:_identify(.) by extensions ['cmake', 'python']
[0.186s] Level 1:colcon.colcon_core.package_identification:_identify(.) by extension 'cmake'
[0.186s] Level 1:colcon.colcon_core.package_identification:_identify(.) by extension 'python'
[0.186s] Level 1:colcon.colcon_core.package_identification:_identify(.) by extensions ['python_setup_py']
[0.186s] Level 1:colcon.colcon_core.package_identification:_identify(.) by extension 'python_setup_py'
[0.187s] Level 1:colcon.colcon_core.package_identification:_identify(build) by extensions ['ignore', 'ignore_ament_install']
[0.187s] Level 1:colcon.colcon_core.package_identification:_identify(build) by extension 'ignore'
[0.187s] Level 1:colcon.colcon_core.package_identification:_identify(build) ignored
[0.187s] Level 1:colcon.colcon_core.package_identification:_identify(install) by extensions ['ignore', 'ignore_ament_install']
[0.187s] Level 1:colcon.colcon_core.package_identification:_identify(install) by extension 'ignore'
[0.187s] Level 1:colcon.colcon_core.package_identification:_identify(install) ignored
[0.187s] Level 1:colcon.colcon_core.package_identification:_identify(log) by extensions ['ignore', 'ignore_ament_install']
[0.187s] Level 1:colcon.colcon_core.package_identification:_identify(log) by extension 'ignore'
[0.187s] Level 1:colcon.colcon_core.package_identification:_identify(log) ignored
[0.187s] Level 1:colcon.colcon_core.package_identification:_identify(src) by extensions ['ignore', 'ignore_ament_install']
[0.187s] Level 1:colcon.colcon_core.package_identification:_identify(src) by extension 'ignore'
[0.187s] Level 1:colcon.colcon_core.package_identification:_identify(src) by extension 'ignore_ament_install'
[0.187s] Level 1:colcon.colcon_core.package_identification:_identify(src) by extensions ['colcon_pkg']
[0.187s] Level 1:colcon.colcon_core.package_identification:_identify(src) by extension 'colcon_pkg'
[0.187s] Level 1:colcon.colcon_core.package_identification:_identify(src) by extensions ['colcon_meta']
[0.187s] Level 1:colcon.colcon_core.package_identification:_identify(src) by extension 'colcon_meta'
[0.188s] Level 1:colcon.colcon_core.package_identification:_identify(src) by extensions ['ros']
[0.188s] Level 1:colcon.colcon_core.package_identification:_identify(src) by extension 'ros'
[0.188s] Level 1:colcon.colcon_core.package_identification:_identify(src) by extensions ['cmake', 'python']
[0.188s] Level 1:colcon.colcon_core.package_identification:_identify(src) by extension 'cmake'
[0.188s] Level 1:colcon.colcon_core.package_identification:_identify(src) by extension 'python'
[0.188s] Level 1:colcon.colcon_core.package_identification:_identify(src) by extensions ['python_setup_py']
[0.188s] Level 1:colcon.colcon_core.package_identification:_identify(src) by extension 'python_setup_py'
[0.188s] Level 1:colcon.colcon_core.package_identification:_identify(src/sensor_read) by extensions ['ignore', 'ignore_ament_install']
[0.188s] Level 1:colcon.colcon_core.package_identification:_identify(src/sensor_read) by extension 'ignore'
[0.188s] Level 1:colcon.colcon_core.package_identification:_identify(src/sensor_read) by extension 'ignore_ament_install'
[0.188s] Level 1:colcon.colcon_core.package_identification:_identify(src/sensor_read) by extensions ['colcon_pkg']
[0.188s] Level 1:colcon.colcon_core.package_identification:_identify(src/sensor_read) by extension 'colcon_pkg'
[0.188s] Level 1:colcon.colcon_core.package_identification:_identify(src/sensor_read) by extensions ['colcon_meta']
[0.188s] Level 1:colcon.colcon_core.package_identification:_identify(src/sensor_read) by extension 'colcon_meta'
[0.188s] Level 1:colcon.colcon_core.package_identification:_identify(src/sensor_read) by extensions ['ros']
[0.188s] Level 1:colcon.colcon_core.package_identification:_identify(src/sensor_read) by extension 'ros'
[0.191s] DEBUG:colcon.colcon_core.package_identification:Package 'src/sensor_read' with type 'ros.ament_python' and name 'sensor_read'
[0.191s] Level 1:colcon.colcon_core.package_discovery:discover_packages(recursive) using defaults
[0.191s] Level 1:colcon.colcon_core.package_discovery:discover_packages(ignore) discover
[0.191s] Level 1:colcon.colcon_core.package_discovery:discover_packages(ignore) using defaults
[0.191s] Level 1:colcon.colcon_core.package_discovery:discover_packages(path) discover
[0.191s] Level 1:colcon.colcon_core.package_discovery:discover_packages(path) using defaults
[0.210s] Level 1:colcon.colcon_core.package_discovery:discover_packages(prefix_path) check parameters
[0.210s] Level 1:colcon.colcon_core.package_discovery:discover_packages(prefix_path) discover
[0.212s] DEBUG:colcon.colcon_installed_package_information.package_discovery:Found 2 installed packages in /home/mostafa/ros2/sensor_ws/install
[0.212s] DEBUG:colcon.colcon_installed_package_information.package_discovery:Found 5 installed packages in /home/mostafa/ros2/robot_ws/install
[0.214s] DEBUG:colcon.colcon_installed_package_information.package_discovery:Found 405 installed packages in /opt/ros/humble
[0.215s] Level 1:colcon.colcon_core.package_discovery:discover_packages(prefix_path) using defaults
[0.261s] Level 5:colcon.colcon_core.verb:set package 'sensor_read' build argument 'cmake_args' from command line to 'None'
[0.261s] Level 5:colcon.colcon_core.verb:set package 'sensor_read' build argument 'cmake_target' from command line to 'None'
[0.261s] Level 5:colcon.colcon_core.verb:set package 'sensor_read' build argument 'cmake_target_skip_unavailable' from command line to 'False'
[0.261s] Level 5:colcon.colcon_core.verb:set package 'sensor_read' build argument 'cmake_clean_cache' from command line to 'False'
[0.261s] Level 5:colcon.colcon_core.verb:set package 'sensor_read' build argument 'cmake_clean_first' from command line to 'False'
[0.261s] Level 5:colcon.colcon_core.verb:set package 'sensor_read' build argument 'cmake_force_configure' from command line to 'False'
[0.261s] Level 5:colcon.colcon_core.verb:set package 'sensor_read' build argument 'ament_cmake_args' from command line to 'None'
[0.261s] Level 5:colcon.colcon_core.verb:set package 'sensor_read' build argument 'catkin_cmake_args' from command line to 'None'
[0.261s] Level 5:colcon.colcon_core.verb:set package 'sensor_read' build argument 'catkin_skip_building_tests' from command line to 'False'
[0.261s] DEBUG:colcon.colcon_core.verb:Building package 'sensor_read' with the following arguments: {'ament_cmake_args': None, 'build_base': '/home/mostafa/ros2/sensor_ws/build/sensor_read', 'catkin_cmake_args': None, 'catkin_skip_building_tests': False, 'cmake_args': None, 'cmake_clean_cache': False, 'cmake_clean_first': False, 'cmake_force_configure': False, 'cmake_target': None, 'cmake_target_skip_unavailable': False, 'install_base': '/home/mostafa/ros2/sensor_ws/install/sensor_read', 'merge_install': False, 'path': '/home/mostafa/ros2/sensor_ws/src/sensor_read', 'symlink_install': False, 'test_result_base': None}
[0.261s] INFO:colcon.colcon_core.executor:Executing jobs using 'parallel' executor
[0.262s] DEBUG:colcon.colcon_parallel_executor.executor.parallel:run_until_complete
[0.263s] INFO:colcon.colcon_ros.task.ament_python.build:Building ROS package in '/home/mostafa/ros2/sensor_ws/src/sensor_read' with build type 'ament_python'
[0.263s] Level 1:colcon.colcon_core.shell:create_environment_hook('sensor_read', 'ament_prefix_path')
[0.265s] INFO:colcon.colcon_core.plugin_system:Skipping extension 'colcon_core.shell.bat': Not used on non-Windows systems
[0.266s] INFO:colcon.colcon_core.shell:Creating environment hook '/home/mostafa/ros2/sensor_ws/install/sensor_read/share/sensor_read/hook/ament_prefix_path.ps1'
[0.266s] INFO:colcon.colcon_core.shell:Creating environment descriptor '/home/mostafa/ros2/sensor_ws/install/sensor_read/share/sensor_read/hook/ament_prefix_path.dsv'
[0.266s] INFO:colcon.colcon_core.shell:Creating environment hook '/home/mostafa/ros2/sensor_ws/install/sensor_read/share/sensor_read/hook/ament_prefix_path.sh'
[0.267s] INFO:colcon.colcon_core.shell:Skip shell extension 'powershell' for command environment: Not usable outside of PowerShell
[0.267s] DEBUG:colcon.colcon_core.shell:Skip shell extension 'dsv' for command environment
[0.487s] INFO:colcon.colcon_core.task.python.build:Building Python package in '/home/mostafa/ros2/sensor_ws/src/sensor_read'
[0.487s] INFO:colcon.colcon_core.shell:Skip shell extension 'powershell' for command environment: Not usable outside of PowerShell
[0.487s] DEBUG:colcon.colcon_core.shell:Skip shell extension 'dsv' for command environment
[1.159s] DEBUG:colcon.colcon_core.event_handler.log_command:Invoking command in '/home/mostafa/ros2/sensor_ws/src/sensor_read': PYTHONPATH=/home/mostafa/ros2/sensor_ws/build/sensor_read/prefix_override:/usr/lib/python3/dist-packages/colcon_core/task/python/colcon_distutils_commands:/home/mostafa/ros2/sensor_ws/install/sensor_read/lib/python3.10/site-packages:${PYTHONPATH} /usr/bin/python3 -W ignore:setup.py install is deprecated setup.py egg_info --egg-base ../../build/sensor_read build --build-base /home/mostafa/ros2/sensor_ws/build/sensor_read/build install --record /home/mostafa/ros2/sensor_ws/build/sensor_read/install.log --single-version-externally-managed install_data
[1.731s] DEBUG:colcon.colcon_core.event_handler.log_command:Invoked command in '/home/mostafa/ros2/sensor_ws/src/sensor_read' returned '0': PYTHONPATH=/home/mostafa/ros2/sensor_ws/build/sensor_read/prefix_override:/usr/lib/python3/dist-packages/colcon_core/task/python/colcon_distutils_commands:/home/mostafa/ros2/sensor_ws/install/sensor_read/lib/python3.10/site-packages:${PYTHONPATH} /usr/bin/python3 -W ignore:setup.py install is deprecated setup.py egg_info --egg-base ../../build/sensor_read build --build-base /home/mostafa/ros2/sensor_ws/build/sensor_read/build install --record /home/mostafa/ros2/sensor_ws/build/sensor_read/install.log --single-version-externally-managed install_data
[1.734s] Level 1:colcon.colcon_core.environment:checking '/home/mostafa/ros2/sensor_ws/install/sensor_read' for CMake module files
[1.734s] Level 1:colcon.colcon_core.environment:checking '/home/mostafa/ros2/sensor_ws/install/sensor_read' for CMake config files
[1.735s] Level 1:colcon.colcon_core.environment:checking '/home/mostafa/ros2/sensor_ws/install/sensor_read/lib'
[1.735s] Level 1:colcon.colcon_core.environment:checking '/home/mostafa/ros2/sensor_ws/install/sensor_read/bin'
[1.735s] Level 1:colcon.colcon_core.environment:checking '/home/mostafa/ros2/sensor_ws/install/sensor_read/lib/pkgconfig/sensor_read.pc'
[1.735s] Level 1:colcon.colcon_core.environment:checking '/home/mostafa/ros2/sensor_ws/install/sensor_read/lib/python3.10/site-packages'
[1.735s] Level 1:colcon.colcon_core.shell:create_environment_hook('sensor_read', 'pythonpath')
[1.735s] INFO:colcon.colcon_core.shell:Creating environment hook '/home/mostafa/ros2/sensor_ws/install/sensor_read/share/sensor_read/hook/pythonpath.ps1'
[1.736s] INFO:colcon.colcon_core.shell:Creating environment descriptor '/home/mostafa/ros2/sensor_ws/install/sensor_read/share/sensor_read/hook/pythonpath.dsv'
[1.736s] INFO:colcon.colcon_core.shell:Creating environment hook '/home/mostafa/ros2/sensor_ws/install/sensor_read/share/sensor_read/hook/pythonpath.sh'
[1.736s] Level 1:colcon.colcon_core.environment:checking '/home/mostafa/ros2/sensor_ws/install/sensor_read/bin'
[1.736s] Level 1:colcon.colcon_core.environment:create_environment_scripts_only(sensor_read)
[1.737s] INFO:colcon.colcon_core.shell:Creating package script '/home/mostafa/ros2/sensor_ws/install/sensor_read/share/sensor_read/package.ps1'
[1.737s] INFO:colcon.colcon_core.shell:Creating package descriptor '/home/mostafa/ros2/sensor_ws/install/sensor_read/share/sensor_read/package.dsv'
[1.738s] INFO:colcon.colcon_core.shell:Creating package script '/home/mostafa/ros2/sensor_ws/install/sensor_read/share/sensor_read/package.sh'
[1.739s] INFO:colcon.colcon_core.shell:Creating package script '/home/mostafa/ros2/sensor_ws/install/sensor_read/share/sensor_read/package.bash'
[1.739s] INFO:colcon.colcon_core.shell:Creating package script '/home/mostafa/ros2/sensor_ws/install/sensor_read/share/sensor_read/package.zsh'
[1.740s] Level 1:colcon.colcon_core.environment:create_file_with_runtime_dependencies(/home/mostafa/ros2/sensor_ws/install/sensor_read/share/colcon-core/packages/sensor_read)
[1.740s] DEBUG:colcon.colcon_parallel_executor.executor.parallel:closing loop
[1.740s] DEBUG:colcon.colcon_parallel_executor.executor.parallel:loop closed
[1.740s] DEBUG:colcon.colcon_parallel_executor.executor.parallel:run_until_complete finished with '0'
[1.740s] DEBUG:colcon.colcon_core.event_reactor:joining thread
[1.755s] INFO:colcon.colcon_core.plugin_system:Skipping extension 'colcon_notification.desktop_notification.terminal_notifier': Not used on non-Darwin systems
[1.755s] INFO:colcon.colcon_core.plugin_system:Skipping extension 'colcon_notification.desktop_notification.win32': Not used on non-Windows systems
[1.755s] INFO:colcon.colcon_notification.desktop_notification:Sending desktop notification using 'notify2'
[1.764s] DEBUG:colcon.colcon_core.event_reactor:joined thread
[1.764s] INFO:colcon.colcon_core.shell:Creating prefix script '/home/mostafa/ros2/sensor_ws/install/local_setup.ps1'
[1.765s] INFO:colcon.colcon_core.shell:Creating prefix util module '/home/mostafa/ros2/sensor_ws/install/_local_setup_util_ps1.py'
[1.766s] INFO:colcon.colcon_core.shell:Creating prefix chain script '/home/mostafa/ros2/sensor_ws/install/setup.ps1'
[1.767s] INFO:colcon.colcon_core.shell:Creating prefix script '/home/mostafa/ros2/sensor_ws/install/local_setup.sh'
[1.768s] INFO:colcon.colcon_core.shell:Creating prefix util module '/home/mostafa/ros2/sensor_ws/install/_local_setup_util_sh.py'
[1.768s] INFO:colcon.colcon_core.shell:Creating prefix chain script '/home/mostafa/ros2/sensor_ws/install/setup.sh'
[1.769s] INFO:colcon.colcon_core.shell:Creating prefix script '/home/mostafa/ros2/sensor_ws/install/local_setup.bash'
[1.770s] INFO:colcon.colcon_core.shell:Creating prefix chain script '/home/mostafa/ros2/sensor_ws/install/setup.bash'
[1.771s] INFO:colcon.colcon_core.shell:Creating prefix script '/home/mostafa/ros2/sensor_ws/install/local_setup.zsh'
[1.771s] INFO:colcon.colcon_core.shell:Creating prefix chain script '/home/mostafa/ros2/sensor_ws/install/setup.zsh'
