[0.021s] Invoking command in '/home/mostafa/ros2/sensor_ws/build/read_cpp': /usr/bin/cmake --build /home/mostafa/ros2/sensor_ws/build/read_cpp -- -j12 -l12
[0.056s] -- Found ament_cmake: 1.3.9 (/opt/ros/humble/share/ament_cmake/cmake)
[0.205s] -- Found rclcpp: 16.0.9 (/opt/ros/humble/share/rclcpp/cmake)
[0.237s] -- Found rosidl_generator_c: 3.1.5 (/opt/ros/humble/share/rosidl_generator_c/cmake)
[0.240s] -- Found rosidl_adapter: 3.1.5 (/opt/ros/humble/share/rosidl_adapter/cmake)
[0.246s] -- Found rosidl_generator_cpp: 3.1.5 (/opt/ros/humble/share/rosidl_generator_cpp/cmake)
[0.258s] -- Using all available rosidl_typesupport_c: rosidl_typesupport_fastrtps_c;rosidl_typesupport_introspection_c
[0.274s] -- Using all available rosidl_typesupport_cpp: rosidl_typesupport_fastrtps_cpp;rosidl_typesupport_introspection_cpp
[0.334s] -- Found rmw_implementation_cmake: 6.1.2 (/opt/ros/humble/share/rmw_implementation_cmake/cmake)
[0.336s] -- Found rmw_fastrtps_cpp: 6.2.6 (/opt/ros/humble/share/rmw_fastrtps_cpp/cmake)
[0.475s] -- Using RMW implementation 'rmw_fastrtps_cpp' as default
[0.658s] [31mCMake Error at CMakeLists.txt:12 (find_package):
[0.658s]   By not providing "Findserial.cmake" in CMAKE_MODULE_PATH this project has
[0.658s]   asked CMake to find a package configuration file provided by "serial", but
[0.658s]   CMake did not find one.
[0.658s] 
[0.658s]   Could not find a package configuration file provided by "serial" with any
[0.658s]   of the following names:
[0.658s] 
[0.658s]     serialConfig.cmake
[0.658s]     serial-config.cmake
[0.658s] 
[0.658s]   Add the installation prefix of "serial" to CMAKE_PREFIX_PATH or set
[0.658s]   "serial_DIR" to a directory containing one of the above files.  If "serial"
[0.658s]   provides a separate development package or SDK, be sure it has been
[0.659s]   installed.
[0.659s] 
[0.659s] [0m
[0.659s] -- Configuring incomplete, errors occurred!
[0.659s] See also "/home/mostafa/ros2/sensor_ws/build/read_cpp/CMakeFiles/CMakeOutput.log".
[0.664s] gmake: *** [Makefile:226: cmake_check_build_system] Error 1
[0.667s] Invoked command in '/home/mostafa/ros2/sensor_ws/build/read_cpp' returned '2': /usr/bin/cmake --build /home/mostafa/ros2/sensor_ws/build/read_cpp -- -j12 -l12
