[0.017s] Invoking command in '/home/mostafa/ros2/sensor_ws/build/read_cpp': CMAKE_PREFIX_PATH=${CMAKE_PREFIX_PATH}:/home/mostafa/ros2/sensor_ws/install/sensor_read:/home/mostafa/ros2/robot_ws/install/vl53l7cx_sensor:/home/mostafa/ros2/robot_ws/install/distance_sensor_pkg:/opt/ros/humble /usr/bin/cmake /home/mostafa/ros2/sensor_ws/src/read_cpp -DCMAKE_INSTALL_PREFIX=/home/mostafa/ros2/sensor_ws/install/read_cpp
[0.117s] -- The C compiler identification is GNU 11.4.0
[0.201s] -- The CXX compiler identification is GNU 11.4.0
[0.214s] -- Detecting C compiler ABI info
[0.285s] -- Detecting C compiler ABI info - done
[0.299s] -- Check for working C compiler: /usr/bin/cc - skipped
[0.299s] -- Detecting C compile features
[0.301s] -- Detecting C compile features - done
[0.306s] -- Detecting CXX compiler ABI info
[0.389s] -- Detecting CXX compiler ABI info - done
[0.404s] -- Check for working CXX compiler: /usr/bin/c++ - skipped
[0.404s] -- Detecting CXX compile features
[0.405s] -- Detecting CXX compile features - done
[0.410s] -- Found ament_cmake: 1.3.9 (/opt/ros/humble/share/ament_cmake/cmake)
[0.793s] -- Found Python3: /usr/local/bin/python3 (found version "3.10.12") found components: Interpreter 
[0.907s] -- Found ament_lint_auto: 0.12.11 (/opt/ros/humble/share/ament_lint_auto/cmake)
[1.001s] -- Added test 'cppcheck' to perform static code analysis on C / C++ code
[1.001s] -- Configured cppcheck include dirs: 
[1.001s] -- Configured cppcheck exclude dirs and/or files: 
[1.002s] -- Added test 'lint_cmake' to check CMake code style
[1.003s] -- Added test 'uncrustify' to check C / C++ code style
[1.003s] -- Configured uncrustify additional arguments: 
[1.004s] -- Added test 'xmllint' to check XML markup files
[1.005s] -- Configuring done
[1.008s] -- Generating done
[1.009s] -- Build files have been written to: /home/mostafa/ros2/sensor_ws/build/read_cpp
[1.013s] Invoked command in '/home/mostafa/ros2/sensor_ws/build/read_cpp' returned '0': CMAKE_PREFIX_PATH=${CMAKE_PREFIX_PATH}:/home/mostafa/ros2/sensor_ws/install/sensor_read:/home/mostafa/ros2/robot_ws/install/vl53l7cx_sensor:/home/mostafa/ros2/robot_ws/install/distance_sensor_pkg:/opt/ros/humble /usr/bin/cmake /home/mostafa/ros2/sensor_ws/src/read_cpp -DCMAKE_INSTALL_PREFIX=/home/mostafa/ros2/sensor_ws/install/read_cpp
[1.015s] Invoking command in '/home/mostafa/ros2/sensor_ws/build/read_cpp': CMAKE_PREFIX_PATH=${CMAKE_PREFIX_PATH}:/home/mostafa/ros2/sensor_ws/install/sensor_read:/home/mostafa/ros2/robot_ws/install/vl53l7cx_sensor:/home/mostafa/ros2/robot_ws/install/distance_sensor_pkg:/opt/ros/humble /usr/bin/cmake --build /home/mostafa/ros2/sensor_ws/build/read_cpp -- -j12 -l12
[1.054s] Invoked command in '/home/mostafa/ros2/sensor_ws/build/read_cpp' returned '0': CMAKE_PREFIX_PATH=${CMAKE_PREFIX_PATH}:/home/mostafa/ros2/sensor_ws/install/sensor_read:/home/mostafa/ros2/robot_ws/install/vl53l7cx_sensor:/home/mostafa/ros2/robot_ws/install/distance_sensor_pkg:/opt/ros/humble /usr/bin/cmake --build /home/mostafa/ros2/sensor_ws/build/read_cpp -- -j12 -l12
[1.086s] Invoking command in '/home/mostafa/ros2/sensor_ws/build/read_cpp': CMAKE_PREFIX_PATH=${CMAKE_PREFIX_PATH}:/home/mostafa/ros2/sensor_ws/install/sensor_read:/home/mostafa/ros2/robot_ws/install/vl53l7cx_sensor:/home/mostafa/ros2/robot_ws/install/distance_sensor_pkg:/opt/ros/humble /usr/bin/cmake --install /home/mostafa/ros2/sensor_ws/build/read_cpp
[1.093s] -- Install configuration: ""
[1.093s] -- Installing: /home/mostafa/ros2/sensor_ws/install/read_cpp/share/ament_index/resource_index/package_run_dependencies/read_cpp
[1.094s] -- Installing: /home/mostafa/ros2/sensor_ws/install/read_cpp/share/ament_index/resource_index/parent_prefix_path/read_cpp
[1.094s] -- Installing: /home/mostafa/ros2/sensor_ws/install/read_cpp/share/read_cpp/environment/ament_prefix_path.sh
[1.094s] -- Installing: /home/mostafa/ros2/sensor_ws/install/read_cpp/share/read_cpp/environment/ament_prefix_path.dsv
[1.094s] -- Installing: /home/mostafa/ros2/sensor_ws/install/read_cpp/share/read_cpp/environment/path.sh
[1.094s] -- Installing: /home/mostafa/ros2/sensor_ws/install/read_cpp/share/read_cpp/environment/path.dsv
[1.095s] -- Installing: /home/mostafa/ros2/sensor_ws/install/read_cpp/share/read_cpp/local_setup.bash
[1.095s] -- Installing: /home/mostafa/ros2/sensor_ws/install/read_cpp/share/read_cpp/local_setup.sh
[1.095s] -- Installing: /home/mostafa/ros2/sensor_ws/install/read_cpp/share/read_cpp/local_setup.zsh
[1.095s] -- Installing: /home/mostafa/ros2/sensor_ws/install/read_cpp/share/read_cpp/local_setup.dsv
[1.095s] -- Installing: /home/mostafa/ros2/sensor_ws/install/read_cpp/share/read_cpp/package.dsv
[1.096s] -- Installing: /home/mostafa/ros2/sensor_ws/install/read_cpp/share/ament_index/resource_index/packages/read_cpp
[1.096s] -- Installing: /home/mostafa/ros2/sensor_ws/install/read_cpp/share/read_cpp/cmake/read_cppConfig.cmake
[1.096s] -- Installing: /home/mostafa/ros2/sensor_ws/install/read_cpp/share/read_cpp/cmake/read_cppConfig-version.cmake
[1.096s] -- Installing: /home/mostafa/ros2/sensor_ws/install/read_cpp/share/read_cpp/package.xml
[1.098s] Invoked command in '/home/mostafa/ros2/sensor_ws/build/read_cpp' returned '0': CMAKE_PREFIX_PATH=${CMAKE_PREFIX_PATH}:/home/mostafa/ros2/sensor_ws/install/sensor_read:/home/mostafa/ros2/robot_ws/install/vl53l7cx_sensor:/home/mostafa/ros2/robot_ws/install/distance_sensor_pkg:/opt/ros/humble /usr/bin/cmake --install /home/mostafa/ros2/sensor_ws/build/read_cpp
