[1.018s] Invoking command in '/home/mostafa/ros2/sensor_ws/build/sensor_read': PYTHONPATH=/home/mostafa/ros2/sensor_ws/build/sensor_read/prefix_override:/usr/lib/python3/dist-packages/colcon_core/task/python/colcon_distutils_commands:/home/mostafa/ros2/sensor_ws/install/sensor_read/lib/python3.10/site-packages:${PYTHONPATH} /usr/bin/python3 -W ignore:setup.py install is deprecated setup.py develop --uninstall --editable --build-directory /home/mostafa/ros2/sensor_ws/build/sensor_read/build
[1.356s] running develop
[1.360s] /home/mostafa/.local/lib/python3.10/site-packages/setuptools/command/develop.py:42: EasyInstallDeprecationWarning: easy_install command is deprecated.
[1.360s] !!
[1.361s] 
[1.361s]         ********************************************************************************
[1.361s]         Please avoid running ``setup.py`` and ``easy_install``.
[1.361s]         Instead, use pypa/build, pypa/installer or other
[1.361s]         standards-based tools.
[1.361s] 
[1.361s]         See https://github.com/pypa/setuptools/issues/917 for details.
[1.361s]         ********************************************************************************
[1.361s] 
[1.361s] !!
[1.361s]   easy_install.initialize_options(self)
[1.661s] Removing /home/mostafa/ros2/sensor_ws/install/sensor_read/lib/python3.10/site-packages/sensor-read.egg-link (link to .)
[1.685s] Invoked command in '/home/mostafa/ros2/sensor_ws/build/sensor_read' returned '0': PYTHONPATH=/home/mostafa/ros2/sensor_ws/build/sensor_read/prefix_override:/usr/lib/python3/dist-packages/colcon_core/task/python/colcon_distutils_commands:/home/mostafa/ros2/sensor_ws/install/sensor_read/lib/python3.10/site-packages:${PYTHONPATH} /usr/bin/python3 -W ignore:setup.py install is deprecated setup.py develop --uninstall --editable --build-directory /home/mostafa/ros2/sensor_ws/build/sensor_read/build
[1.687s] Invoking command in '/home/mostafa/ros2/sensor_ws/src/sensor_read': PYTHONPATH=/home/mostafa/ros2/sensor_ws/build/sensor_read/prefix_override:/usr/lib/python3/dist-packages/colcon_core/task/python/colcon_distutils_commands:/home/mostafa/ros2/sensor_ws/install/sensor_read/lib/python3.10/site-packages:${PYTHONPATH} /usr/bin/python3 -W ignore:setup.py install is deprecated setup.py egg_info --egg-base ../../build/sensor_read build --build-base /home/mostafa/ros2/sensor_ws/build/sensor_read/build install --record /home/mostafa/ros2/sensor_ws/build/sensor_read/install.log --single-version-externally-managed install_data --force
[1.959s] running egg_info
[1.978s] writing ../../build/sensor_read/sensor_read.egg-info/PKG-INFO
[1.978s] writing dependency_links to ../../build/sensor_read/sensor_read.egg-info/dependency_links.txt
[1.978s] writing entry points to ../../build/sensor_read/sensor_read.egg-info/entry_points.txt
[1.979s] writing requirements to ../../build/sensor_read/sensor_read.egg-info/requires.txt
[1.979s] writing top-level names to ../../build/sensor_read/sensor_read.egg-info/top_level.txt
[2.018s] reading manifest file '../../build/sensor_read/sensor_read.egg-info/SOURCES.txt'
[2.019s] writing manifest file '../../build/sensor_read/sensor_read.egg-info/SOURCES.txt'
[2.019s] running build
[2.019s] running build_py
[2.019s] copying sensor_read/filtered_points.py -> /home/mostafa/ros2/sensor_ws/build/sensor_read/build/lib/sensor_read
[2.020s] copying sensor_read/publish_data.py -> /home/mostafa/ros2/sensor_ws/build/sensor_read/build/lib/sensor_read
[2.020s] copying sensor_read/__init__.py -> /home/mostafa/ros2/sensor_ws/build/sensor_read/build/lib/sensor_read
[2.020s] copying sensor_read/FilterKal.py -> /home/mostafa/ros2/sensor_ws/build/sensor_read/build/lib/sensor_read
[2.020s] copying sensor_read/could_points.py -> /home/mostafa/ros2/sensor_ws/build/sensor_read/build/lib/sensor_read
[2.020s] copying sensor_read/multi_points.py -> /home/mostafa/ros2/sensor_ws/build/sensor_read/build/lib/sensor_read
[2.020s] copying sensor_read/multi_pub.py -> /home/mostafa/ros2/sensor_ws/build/sensor_read/build/lib/sensor_read
[2.020s] running install
[2.025s] running install_lib
[2.044s] copying /home/mostafa/ros2/sensor_ws/build/sensor_read/build/lib/sensor_read/filtered_points.py -> /home/mostafa/ros2/sensor_ws/install/sensor_read/lib/python3.10/site-packages/sensor_read
[2.044s] copying /home/mostafa/ros2/sensor_ws/build/sensor_read/build/lib/sensor_read/publish_data.py -> /home/mostafa/ros2/sensor_ws/install/sensor_read/lib/python3.10/site-packages/sensor_read
[2.044s] copying /home/mostafa/ros2/sensor_ws/build/sensor_read/build/lib/sensor_read/__init__.py -> /home/mostafa/ros2/sensor_ws/install/sensor_read/lib/python3.10/site-packages/sensor_read
[2.045s] copying /home/mostafa/ros2/sensor_ws/build/sensor_read/build/lib/sensor_read/FilterKal.py -> /home/mostafa/ros2/sensor_ws/install/sensor_read/lib/python3.10/site-packages/sensor_read
[2.045s] copying /home/mostafa/ros2/sensor_ws/build/sensor_read/build/lib/sensor_read/could_points.py -> /home/mostafa/ros2/sensor_ws/install/sensor_read/lib/python3.10/site-packages/sensor_read
[2.045s] copying /home/mostafa/ros2/sensor_ws/build/sensor_read/build/lib/sensor_read/multi_points.py -> /home/mostafa/ros2/sensor_ws/install/sensor_read/lib/python3.10/site-packages/sensor_read
[2.045s] copying /home/mostafa/ros2/sensor_ws/build/sensor_read/build/lib/sensor_read/multi_pub.py -> /home/mostafa/ros2/sensor_ws/install/sensor_read/lib/python3.10/site-packages/sensor_read
[2.045s] byte-compiling /home/mostafa/ros2/sensor_ws/install/sensor_read/lib/python3.10/site-packages/sensor_read/filtered_points.py to filtered_points.cpython-310.pyc
[2.046s] byte-compiling /home/mostafa/ros2/sensor_ws/install/sensor_read/lib/python3.10/site-packages/sensor_read/publish_data.py to publish_data.cpython-310.pyc
[2.047s] byte-compiling /home/mostafa/ros2/sensor_ws/install/sensor_read/lib/python3.10/site-packages/sensor_read/__init__.py to __init__.cpython-310.pyc
[2.047s] byte-compiling /home/mostafa/ros2/sensor_ws/install/sensor_read/lib/python3.10/site-packages/sensor_read/FilterKal.py to FilterKal.cpython-310.pyc
[2.047s] byte-compiling /home/mostafa/ros2/sensor_ws/install/sensor_read/lib/python3.10/site-packages/sensor_read/could_points.py to could_points.cpython-310.pyc
[2.048s] byte-compiling /home/mostafa/ros2/sensor_ws/install/sensor_read/lib/python3.10/site-packages/sensor_read/multi_points.py to multi_points.cpython-310.pyc
[2.048s] byte-compiling /home/mostafa/ros2/sensor_ws/install/sensor_read/lib/python3.10/site-packages/sensor_read/multi_pub.py to multi_pub.cpython-310.pyc
[2.049s] running install_data
[2.049s] copying resource/sensor_read -> /home/mostafa/ros2/sensor_ws/install/sensor_read/share/ament_index/resource_index/packages
[2.049s] copying package.xml -> /home/mostafa/ros2/sensor_ws/install/sensor_read/share/sensor_read
[2.049s] running install_egg_info
[2.069s] Copying ../../build/sensor_read/sensor_read.egg-info to /home/mostafa/ros2/sensor_ws/install/sensor_read/lib/python3.10/site-packages/sensor_read-0.0.0-py3.10.egg-info
[2.070s] running install_scripts
[2.229s] Installing FilterKal script to /home/mostafa/ros2/sensor_ws/install/sensor_read/lib/sensor_read
[2.229s] Installing could_points script to /home/mostafa/ros2/sensor_ws/install/sensor_read/lib/sensor_read
[2.229s] Installing filtered_points script to /home/mostafa/ros2/sensor_ws/install/sensor_read/lib/sensor_read
[2.229s] Installing multi_points script to /home/mostafa/ros2/sensor_ws/install/sensor_read/lib/sensor_read
[2.230s] Installing multi_pub script to /home/mostafa/ros2/sensor_ws/install/sensor_read/lib/sensor_read
[2.230s] Installing publish_data script to /home/mostafa/ros2/sensor_ws/install/sensor_read/lib/sensor_read
[2.230s] writing list of installed files to '/home/mostafa/ros2/sensor_ws/build/sensor_read/install.log'
[2.255s] Invoked command in '/home/mostafa/ros2/sensor_ws/src/sensor_read' returned '0': PYTHONPATH=/home/mostafa/ros2/sensor_ws/build/sensor_read/prefix_override:/usr/lib/python3/dist-packages/colcon_core/task/python/colcon_distutils_commands:/home/mostafa/ros2/sensor_ws/install/sensor_read/lib/python3.10/site-packages:${PYTHONPATH} /usr/bin/python3 -W ignore:setup.py install is deprecated setup.py egg_info --egg-base ../../build/sensor_read build --build-base /home/mostafa/ros2/sensor_ws/build/sensor_read/build install --record /home/mostafa/ros2/sensor_ws/build/sensor_read/install.log --single-version-externally-managed install_data --force
