running egg_info
writing ../../build/sensor_read/sensor_read.egg-info/PKG-INFO
writing dependency_links to ../../build/sensor_read/sensor_read.egg-info/dependency_links.txt
writing entry points to ../../build/sensor_read/sensor_read.egg-info/entry_points.txt
writing requirements to ../../build/sensor_read/sensor_read.egg-info/requires.txt
writing top-level names to ../../build/sensor_read/sensor_read.egg-info/top_level.txt
reading manifest file '../../build/sensor_read/sensor_read.egg-info/SOURCES.txt'
writing manifest file '../../build/sensor_read/sensor_read.egg-info/SOURCES.txt'
running build
running build_py
copying sensor_read/filtered_points.py -> /home/mostafa/ros2/sensor_ws/build/sensor_read/build/lib/sensor_read
copying sensor_read/publish_data.py -> /home/mostafa/ros2/sensor_ws/build/sensor_read/build/lib/sensor_read
copying sensor_read/__init__.py -> /home/mostafa/ros2/sensor_ws/build/sensor_read/build/lib/sensor_read
copying sensor_read/FilterKal.py -> /home/mostafa/ros2/sensor_ws/build/sensor_read/build/lib/sensor_read
copying sensor_read/could_points.py -> /home/mostafa/ros2/sensor_ws/build/sensor_read/build/lib/sensor_read
copying sensor_read/multi_points.py -> /home/mostafa/ros2/sensor_ws/build/sensor_read/build/lib/sensor_read
copying sensor_read/multi_pub.py -> /home/mostafa/ros2/sensor_ws/build/sensor_read/build/lib/sensor_read
running install
running install_lib
running install_data
copying resource/sensor_read -> /home/mostafa/ros2/sensor_ws/install/sensor_read/share/ament_index/resource_index/packages
copying package.xml -> /home/mostafa/ros2/sensor_ws/install/sensor_read/share/sensor_read
running install_egg_info
removing '/home/mostafa/ros2/sensor_ws/install/sensor_read/lib/python3.10/site-packages/sensor_read-0.0.0-py3.10.egg-info' (and everything under it)
Copying ../../build/sensor_read/sensor_read.egg-info to /home/mostafa/ros2/sensor_ws/install/sensor_read/lib/python3.10/site-packages/sensor_read-0.0.0-py3.10.egg-info
running install_scripts
Installing FilterKal script to /home/mostafa/ros2/sensor_ws/install/sensor_read/lib/sensor_read
Installing could_points script to /home/mostafa/ros2/sensor_ws/install/sensor_read/lib/sensor_read
Installing multi_points script to /home/mostafa/ros2/sensor_ws/install/sensor_read/lib/sensor_read
Installing multi_pub script to /home/mostafa/ros2/sensor_ws/install/sensor_read/lib/sensor_read
Installing publish_data script to /home/mostafa/ros2/sensor_ws/install/sensor_read/lib/sensor_read
writing list of installed files to '/home/mostafa/ros2/sensor_ws/build/sensor_read/install.log'
